{"/home/super/Techlab/microservices-with-lumen/selenium-automation-ui/src/driver-factory.js": {"path":"/home/super/Techlab/microservices-with-lumen/selenium-automation-ui/src/driver-factory.js","statementMap":{"0":{"start":{"line":6,"column":25},"end":{"line":18,"column":1}},"1":{"start":{"line":7,"column":16},"end":{"line":7,"column":36}},"2":{"start":{"line":8,"column":2},"end":{"line":8,"column":21}},"3":{"start":{"line":9,"column":2},"end":{"line":14,"column":5}},"4":{"start":{"line":15,"column":2},"end":{"line":15,"column":55}},"5":{"start":{"line":16,"column":2},"end":{"line":16,"column":39}},"6":{"start":{"line":17,"column":2},"end":{"line":17,"column":17}},"7":{"start":{"line":20,"column":24},"end":{"line":25,"column":1}},"8":{"start":{"line":21,"column":2},"end":{"line":24,"column":13}},"9":{"start":{"line":27,"column":22},"end":{"line":27,"column":39}}},"fnMap":{"0":{"name":"(anonymous_0)","decl":{"start":{"line":6,"column":25},"end":{"line":6,"column":26}},"loc":{"start":{"line":6,"column":31},"end":{"line":18,"column":1}},"line":6},"1":{"name":"(anonymous_1)","decl":{"start":{"line":20,"column":24},"end":{"line":20,"column":25}},"loc":{"start":{"line":20,"column":30},"end":{"line":25,"column":1}},"line":20}},"branchMap":{},"s":{"0":1,"1":1,"2":1,"3":1,"4":1,"5":1,"6":1,"7":1,"8":1,"9":1},"f":{"0":1,"1":1},"b":{},"_coverageSchema":"1a1c01bbd47fc00a2c39e90264f33305004495a9","hash":"c0c41afa3bf42bd12bc8b1573e98b9d38c87b96d"}
,"/home/super/Techlab/microservices-with-lumen/selenium-automation-ui/src/utils.js": {"path":"/home/super/Techlab/microservices-with-lumen/selenium-automation-ui/src/utils.js","statementMap":{"0":{"start":{"line":4,"column":29},"end":{"line":7,"column":1}},"1":{"start":{"line":5,"column":21},"end":{"line":5,"column":70}},"2":{"start":{"line":6,"column":2},"end":{"line":6,"column":64}}},"fnMap":{"0":{"name":"(anonymous_0)","decl":{"start":{"line":4,"column":29},"end":{"line":4,"column":30}},"loc":{"start":{"line":4,"column":42},"end":{"line":7,"column":1}},"line":4}},"branchMap":{},"s":{"0":1,"1":4,"2":4},"f":{"0":4},"b":{},"_coverageSchema":"1a1c01bbd47fc00a2c39e90264f33305004495a9","hash":"97d771b23ea3a5351a3104fec7ba7ef578ea25af"}
,"/home/super/Techlab/microservices-with-lumen/selenium-automation-ui/src/__pages__/home-page.js": {"path":"/home/super/Techlab/microservices-with-lumen/selenium-automation-ui/src/__pages__/home-page.js","statementMap":{"0":{"start":{"line":6,"column":4},"end":{"line":6,"column":34}},"1":{"start":{"line":16,"column":4},"end":{"line":16,"column":36}},"2":{"start":{"line":20,"column":4},"end":{"line":20,"column":44}},"3":{"start":{"line":24,"column":4},"end":{"line":24,"column":65}},"4":{"start":{"line":28,"column":4},"end":{"line":28,"column":72}},"5":{"start":{"line":36,"column":4},"end":{"line":36,"column":60}},"6":{"start":{"line":40,"column":4},"end":{"line":40,"column":73}}},"fnMap":{"0":{"name":"(anonymous_0)","decl":{"start":{"line":5,"column":2},"end":{"line":5,"column":3}},"loc":{"start":{"line":5,"column":27},"end":{"line":7,"column":3}},"line":5},"1":{"name":"(anonymous_1)","decl":{"start":{"line":15,"column":2},"end":{"line":15,"column":3}},"loc":{"start":{"line":15,"column":27},"end":{"line":17,"column":3}},"line":15},"2":{"name":"(anonymous_2)","decl":{"start":{"line":19,"column":2},"end":{"line":19,"column":3}},"loc":{"start":{"line":19,"column":29},"end":{"line":21,"column":3}},"line":19},"3":{"name":"(anonymous_3)","decl":{"start":{"line":23,"column":2},"end":{"line":23,"column":3}},"loc":{"start":{"line":23,"column":17},"end":{"line":25,"column":3}},"line":23},"4":{"name":"(anonymous_4)","decl":{"start":{"line":27,"column":2},"end":{"line":27,"column":3}},"loc":{"start":{"line":27,"column":19},"end":{"line":29,"column":3}},"line":27},"5":{"name":"(anonymous_5)","decl":{"start":{"line":35,"column":2},"end":{"line":35,"column":3}},"loc":{"start":{"line":35,"column":19},"end":{"line":37,"column":3}},"line":35},"6":{"name":"(anonymous_6)","decl":{"start":{"line":39,"column":2},"end":{"line":39,"column":3}},"loc":{"start":{"line":39,"column":21},"end":{"line":41,"column":3}},"line":39}},"branchMap":{},"s":{"0":2,"1":1,"2":1,"3":1,"4":1,"5":1,"6":1},"f":{"0":2,"1":1,"2":1,"3":1,"4":1,"5":1,"6":1},"b":{},"_coverageSchema":"1a1c01bbd47fc00a2c39e90264f33305004495a9","hash":"8cbf62a98a55eaeb807d32e952c508f3b64dc0fb"}
}
